<?xml version="1.0" encoding="UTF-8" ?>
<testsuite failures="1" time="0.28" errors="0" skipped="0" tests="4" name="action.handlers.university.ModifyUniversityTest">
  <properties>
    <property name="java.runtime.name" value="Java(TM) SE Runtime Environment"/>
    <property name="sun.boot.library.path" value="C:\Program Files\Java\jdk1.7.0_11\jre\bin"/>
    <property name="java.vm.version" value="23.6-b04"/>
    <property name="java.vm.vendor" value="Oracle Corporation"/>
    <property name="java.vendor.url" value="http://java.oracle.com/"/>
    <property name="path.separator" value=";"/>
    <property name="guice.disable.misplaced.annotation.check" value="true"/>
    <property name="java.vm.name" value="Java HotSpot(TM) Client VM"/>
    <property name="file.encoding.pkg" value="sun.io"/>
    <property name="user.script" value=""/>
    <property name="user.country" value="RU"/>
    <property name="sun.java.launcher" value="SUN_STANDARD"/>
    <property name="sun.os.patch.level" value="Service Pack 3"/>
    <property name="java.vm.specification.name" value="Java Virtual Machine Specification"/>
    <property name="user.dir" value="C:\Workspace\LAB4\nc.edu.group8.lb4"/>
    <property name="java.runtime.version" value="1.7.0_11-b21"/>
    <property name="java.awt.graphicsenv" value="sun.awt.Win32GraphicsEnvironment"/>
    <property name="java.endorsed.dirs" value="C:\Program Files\Java\jdk1.7.0_11\jre\lib\endorsed"/>
    <property name="os.arch" value="x86"/>
    <property name="java.io.tmpdir" value="C:\DOCUME~1\USER-XP\LOCALS~1\Temp\"/>
    <property name="line.separator" value="
"/>
    <property name="java.vm.specification.vendor" value="Oracle Corporation"/>
    <property name="user.variant" value=""/>
    <property name="os.name" value="Windows XP"/>
    <property name="classworlds.conf" value="C:\apache-maven-3.2.1\bin\m2.conf"/>
    <property name="sun.jnu.encoding" value="Cp1251"/>
    <property name="java.library.path" value="C:\Program Files\Java\jdk1.7.0_11\bin;C:\WINDOWS\Sun\Java\bin;C:\WINDOWS\system32;C:\WINDOWS;C:\XEClient\bin;C:\oraclexe\app\oracle\product\10.2.0\server\bin;C:\WINDOWS\system32;C:\WINDOWS;C:\WINDOWS\System32\Wbem;C:\Program Files\TortoiseGit\bin;C:\Program Files\Java\jdk1.7.0_11\bin;C:\apache-ant-1.9.3/bin;C:\apache-maven-3.2.1/bin;."/>
    <property name="java.specification.name" value="Java Platform API Specification"/>
    <property name="java.class.version" value="51.0"/>
    <property name="sun.management.compiler" value="HotSpot Client Compiler"/>
    <property name="os.version" value="5.1"/>
    <property name="user.home" value="C:\Documents and Settings\USER-XP"/>
    <property name="user.timezone" value="Europe/Athens"/>
    <property name="java.awt.printerjob" value="sun.awt.windows.WPrinterJob"/>
    <property name="java.specification.version" value="1.7"/>
    <property name="file.encoding" value="Cp1251"/>
    <property name="user.name" value="USER-XP"/>
    <property name="java.class.path" value="C:\apache-maven-3.2.1\boot\plexus-classworlds-2.5.1.jar"/>
    <property name="org.slf4j.simpleLogger.defaultLogLevel" value="info"/>
    <property name="java.vm.specification.version" value="1.7"/>
    <property name="sun.arch.data.model" value="32"/>
    <property name="java.home" value="C:\Program Files\Java\jdk1.7.0_11\jre"/>
    <property name="sun.java.command" value="org.codehaus.plexus.classworlds.launcher.Launcher clean install"/>
    <property name="java.specification.vendor" value="Oracle Corporation"/>
    <property name="user.language" value="ru"/>
    <property name="awt.toolkit" value="sun.awt.windows.WToolkit"/>
    <property name="java.vm.info" value="mixed mode, sharing"/>
    <property name="java.version" value="1.7.0_11"/>
    <property name="java.ext.dirs" value="C:\Program Files\Java\jdk1.7.0_11\jre\lib\ext;C:\WINDOWS\Sun\Java\lib\ext"/>
    <property name="sun.boot.class.path" value="C:\Program Files\Java\jdk1.7.0_11\jre\lib\resources.jar;C:\Program Files\Java\jdk1.7.0_11\jre\lib\rt.jar;C:\Program Files\Java\jdk1.7.0_11\jre\lib\sunrsasign.jar;C:\Program Files\Java\jdk1.7.0_11\jre\lib\jsse.jar;C:\Program Files\Java\jdk1.7.0_11\jre\lib\jce.jar;C:\Program Files\Java\jdk1.7.0_11\jre\lib\charsets.jar;C:\Program Files\Java\jdk1.7.0_11\jre\lib\jfr.jar;C:\Program Files\Java\jdk1.7.0_11\jre\classes"/>
    <property name="java.vendor" value="Oracle Corporation"/>
    <property name="maven.home" value="C:\apache-maven-3.2.1"/>
    <property name="file.separator" value="\"/>
    <property name="java.vendor.url.bug" value="http://bugreport.sun.com/bugreport/"/>
    <property name="sun.cpu.endian" value="little"/>
    <property name="sun.io.unicode.encoding" value="UnicodeLittle"/>
    <property name="sun.desktop" value="windows"/>
    <property name="sun.cpu.isalist" value="pentium_pro+mmx pentium_pro pentium+mmx pentium i486 i386 i86"/>
  </properties>
  <testcase time="0" classname="action.handlers.university.ModifyUniversityTest" name="nullTest"/>
  <testcase time="0.09" classname="action.handlers.university.ModifyUniversityTest" name="forwardTest"/>
  <testcase time="0.15" classname="action.handlers.university.ModifyUniversityTest" name="logicTest">
    <failure message="expected:&lt;3&gt; but was:&lt;4&gt;" type="java.lang.AssertionError">java.lang.AssertionError: expected:&lt;3&gt; but was:&lt;4&gt;
	at org.junit.Assert.fail(Assert.java:58)
	at org.junit.Assert.failNotEquals(Assert.java:259)
	at org.junit.Assert.assertEquals(Assert.java:80)
	at org.junit.Assert.assertEquals(Assert.java:88)
	at action.handlers.university.ModifyUniversityTest.logicTest(ModifyUniversityTest.java:73)
	at sun.reflect.NativeMethodAccessorImpl.invoke0(Native Method)
	at sun.reflect.NativeMethodAccessorImpl.invoke(NativeMethodAccessorImpl.java:57)
	at sun.reflect.DelegatingMethodAccessorImpl.invoke(DelegatingMethodAccessorImpl.java:43)
	at java.lang.reflect.Method.invoke(Method.java:601)
	at org.junit.internal.runners.TestMethodRunner.executeMethodBody(TestMethodRunner.java:99)
	at org.junit.internal.runners.TestMethodRunner.runUnprotected(TestMethodRunner.java:81)
	at org.junit.internal.runners.BeforeAndAfterRunner.runProtected(BeforeAndAfterRunner.java:34)
	at org.junit.internal.runners.TestMethodRunner.runMethod(TestMethodRunner.java:75)
	at org.junit.internal.runners.TestMethodRunner.run(TestMethodRunner.java:45)
	at org.junit.internal.runners.TestClassMethodsRunner.invokeTestMethod(TestClassMethodsRunner.java:71)
	at org.junit.internal.runners.TestClassMethodsRunner.run(TestClassMethodsRunner.java:35)
	at org.junit.internal.runners.TestClassRunner$1.runUnprotected(TestClassRunner.java:42)
	at org.junit.internal.runners.BeforeAndAfterRunner.runProtected(BeforeAndAfterRunner.java:34)
	at org.junit.internal.runners.TestClassRunner.run(TestClassRunner.java:52)
	at org.apache.maven.surefire.junit4.JUnit4Provider.execute(JUnit4Provider.java:252)
	at org.apache.maven.surefire.junit4.JUnit4Provider.executeTestSet(JUnit4Provider.java:141)
	at org.apache.maven.surefire.junit4.JUnit4Provider.invoke(JUnit4Provider.java:112)
	at sun.reflect.NativeMethodAccessorImpl.invoke0(Native Method)
	at sun.reflect.NativeMethodAccessorImpl.invoke(NativeMethodAccessorImpl.java:57)
	at sun.reflect.DelegatingMethodAccessorImpl.invoke(DelegatingMethodAccessorImpl.java:43)
	at java.lang.reflect.Method.invoke(Method.java:601)
	at org.apache.maven.surefire.util.ReflectionUtils.invokeMethodWithArray(ReflectionUtils.java:189)
	at org.apache.maven.surefire.booter.ProviderFactory$ProviderProxy.invoke(ProviderFactory.java:165)
	at org.apache.maven.surefire.booter.ProviderFactory.invokeProvider(ProviderFactory.java:85)
	at org.apache.maven.surefire.booter.ForkedBooter.runSuitesInProcess(ForkedBooter.java:115)
	at org.apache.maven.surefire.booter.ForkedBooter.main(ForkedBooter.java:75)
</failure>
    <system-out>2014-03-21 08:40:11,231 INFO                 action.ActionFactory - Getting ActionFactory
2014-03-21 08:40:11,231 INFO                 action.ActionFactory - Building HttpAction
2014-03-21 08:40:11,231 INFO pport.ClassPathXmlApplicationContext - Refreshing org.springframework.context.support.ClassPathXmlApplicationContext@1ad47fa: display name [org.springframework.context.support.ClassPathXmlApplicationContext@1ad47fa]; startup date [Fri Mar 21 08:40:11 EET 2014]; root of context hierarchy
2014-03-21 08:40:11,231 INFO .factory.xml.XmlBeanDefinitionReader - Loading XML bean definitions from class path resource [beans.xml]
2014-03-21 08:40:11,291 INFO pport.ClassPathXmlApplicationContext - Bean factory for application context [org.springframework.context.support.ClassPathXmlApplicationContext@1ad47fa]: org.springframework.beans.factory.support.DefaultListableBeanFactory@219138
2014-03-21 08:40:11,291 INFO y.support.DefaultListableBeanFactory - Pre-instantiating singletons in org.springframework.beans.factory.support.DefaultListableBeanFactory@219138: defining beans [oracleGateway,addCountry,modifyCountry,removeCountry,showAllCountry,addRegion,modifyRegion,removeRegion,showAllRegionInCountry,addCity,modifyCity,removeCity,showAllCityInRegion,addUniversity,modifyUniversity,removeUniversity,showOneUniversity,showAllUniversityInCity]; root of factory hierarchy
2014-03-21 08:40:11,291 INFO on.handlers.university.AddUniversity - Prepare to add university
2014-03-21 08:40:11,291 INFO on.handlers.university.AddUniversity - University properties: 
2014-03-21 08:40:11,291 INFO on.handlers.university.AddUniversity - Name: skeleton 
2014-03-21 08:40:11,291 INFO on.handlers.university.AddUniversity - DepartamentsCount: 10 
2014-03-21 08:40:11,291 INFO on.handlers.university.AddUniversity - WWW: zzz 
2014-03-21 08:40:11,291 INFO on.handlers.university.AddUniversity - ParentID: 1 
2014-03-21 08:40:11,291 INFO               action.GatewayResolver - Getting gateway
5
2014-03-21 08:40:11,291 INFO on.handlers.university.AddUniversity - University was successfully added
2014-03-21 08:40:11,291 INFO on.handlers.university.AddUniversity - Send redirect to showAllUniversity page
2014-03-21 08:40:11,291 INFO                 action.ActionFactory - Getting ActionFactory
2014-03-21 08:40:11,291 INFO                 action.ActionFactory - Building HttpAction
2014-03-21 08:40:11,291 INFO pport.ClassPathXmlApplicationContext - Refreshing org.springframework.context.support.ClassPathXmlApplicationContext@c0e9db: display name [org.springframework.context.support.ClassPathXmlApplicationContext@c0e9db]; startup date [Fri Mar 21 08:40:11 EET 2014]; root of context hierarchy
2014-03-21 08:40:11,291 INFO .factory.xml.XmlBeanDefinitionReader - Loading XML bean definitions from class path resource [beans.xml]
2014-03-21 08:40:11,301 INFO pport.ClassPathXmlApplicationContext - Bean factory for application context [org.springframework.context.support.ClassPathXmlApplicationContext@c0e9db]: org.springframework.beans.factory.support.DefaultListableBeanFactory@fa55e6
2014-03-21 08:40:11,301 INFO y.support.DefaultListableBeanFactory - Pre-instantiating singletons in org.springframework.beans.factory.support.DefaultListableBeanFactory@fa55e6: defining beans [oracleGateway,addCountry,modifyCountry,removeCountry,showAllCountry,addRegion,modifyRegion,removeRegion,showAllRegionInCountry,addCity,modifyCity,removeCity,showAllCityInRegion,addUniversity,modifyUniversity,removeUniversity,showOneUniversity,showAllUniversityInCity]; root of factory hierarchy
2014-03-21 08:40:11,331 INFO on.handlers.university.AddUniversity - Prepare to add university
2014-03-21 08:40:11,331 INFO on.handlers.university.AddUniversity - University properties: 
2014-03-21 08:40:11,331 INFO on.handlers.university.AddUniversity - Name: skeleton 
2014-03-21 08:40:11,331 INFO on.handlers.university.AddUniversity - DepartamentsCount: 10 
2014-03-21 08:40:11,331 INFO on.handlers.university.AddUniversity - WWW: zzz 
2014-03-21 08:40:11,331 INFO on.handlers.university.AddUniversity - ParentID: 1 
2014-03-21 08:40:11,331 INFO               action.GatewayResolver - Getting gateway
6
2014-03-21 08:40:11,331 INFO on.handlers.university.AddUniversity - University was successfully added
2014-03-21 08:40:11,331 INFO on.handlers.university.AddUniversity - Send redirect to showAllUniversity page
2014-03-21 08:40:11,331 INFO                 action.ActionFactory - Getting ActionFactory
2014-03-21 08:40:11,331 INFO                 action.ActionFactory - Building HttpAction
2014-03-21 08:40:11,331 INFO pport.ClassPathXmlApplicationContext - Refreshing org.springframework.context.support.ClassPathXmlApplicationContext@f4f222: display name [org.springframework.context.support.ClassPathXmlApplicationContext@f4f222]; startup date [Fri Mar 21 08:40:11 EET 2014]; root of context hierarchy
2014-03-21 08:40:11,331 INFO .factory.xml.XmlBeanDefinitionReader - Loading XML bean definitions from class path resource [beans.xml]
2014-03-21 08:40:11,341 INFO pport.ClassPathXmlApplicationContext - Bean factory for application context [org.springframework.context.support.ClassPathXmlApplicationContext@f4f222]: org.springframework.beans.factory.support.DefaultListableBeanFactory@7a1116
2014-03-21 08:40:11,341 INFO y.support.DefaultListableBeanFactory - Pre-instantiating singletons in org.springframework.beans.factory.support.DefaultListableBeanFactory@7a1116: defining beans [oracleGateway,addCountry,modifyCountry,removeCountry,showAllCountry,addRegion,modifyRegion,removeRegion,showAllRegionInCountry,addCity,modifyCity,removeCity,showAllCityInRegion,addUniversity,modifyUniversity,removeUniversity,showOneUniversity,showAllUniversityInCity]; root of factory hierarchy
2014-03-21 08:40:11,341 INFO on.handlers.university.AddUniversity - Prepare to add university
2014-03-21 08:40:11,341 INFO on.handlers.university.AddUniversity - University properties: 
2014-03-21 08:40:11,341 INFO on.handlers.university.AddUniversity - Name: skeleton 
2014-03-21 08:40:11,341 INFO on.handlers.university.AddUniversity - DepartamentsCount: 10 
2014-03-21 08:40:11,341 INFO on.handlers.university.AddUniversity - WWW: zzz 
2014-03-21 08:40:11,341 INFO on.handlers.university.AddUniversity - ParentID: 1 
2014-03-21 08:40:11,341 INFO               action.GatewayResolver - Getting gateway
7
2014-03-21 08:40:11,341 INFO on.handlers.university.AddUniversity - University was successfully added
2014-03-21 08:40:11,341 INFO on.handlers.university.AddUniversity - Send redirect to showAllUniversity page
2014-03-21 08:40:11,341 INFO                 action.ActionFactory - Getting ActionFactory
2014-03-21 08:40:11,351 INFO                 action.ActionFactory - Building HttpAction
2014-03-21 08:40:11,351 INFO pport.ClassPathXmlApplicationContext - Refreshing org.springframework.context.support.ClassPathXmlApplicationContext@a91155: display name [org.springframework.context.support.ClassPathXmlApplicationContext@a91155]; startup date [Fri Mar 21 08:40:11 EET 2014]; root of context hierarchy
2014-03-21 08:40:11,351 INFO .factory.xml.XmlBeanDefinitionReader - Loading XML bean definitions from class path resource [beans.xml]
2014-03-21 08:40:11,361 INFO pport.ClassPathXmlApplicationContext - Bean factory for application context [org.springframework.context.support.ClassPathXmlApplicationContext@a91155]: org.springframework.beans.factory.support.DefaultListableBeanFactory@1a05220
2014-03-21 08:40:11,361 INFO y.support.DefaultListableBeanFactory - Pre-instantiating singletons in org.springframework.beans.factory.support.DefaultListableBeanFactory@1a05220: defining beans [oracleGateway,addCountry,modifyCountry,removeCountry,showAllCountry,addRegion,modifyRegion,removeRegion,showAllRegionInCountry,addCity,modifyCity,removeCity,showAllCityInRegion,addUniversity,modifyUniversity,removeUniversity,showOneUniversity,showAllUniversityInCity]; root of factory hierarchy
2014-03-21 08:40:11,361 INFO handlers.university.ModifyUniversity - Prepare to modify university
2014-03-21 08:40:11,361 INFO handlers.university.ModifyUniversity - Get region id: 10 
2014-03-21 08:40:11,361 INFO handlers.university.ModifyUniversity - New university properties: 
2014-03-21 08:40:11,361 INFO handlers.university.ModifyUniversity - Name: skeleton 
2014-03-21 08:40:11,361 INFO handlers.university.ModifyUniversity - DepartamentsCount: 10 
2014-03-21 08:40:11,361 INFO handlers.university.ModifyUniversity - WWW: zzz 
2014-03-21 08:40:11,361 INFO handlers.university.ModifyUniversity - ParentID: 1 
2014-03-21 08:40:11,361 INFO               action.GatewayResolver - Getting gateway
8
2014-03-21 08:40:11,361 INFO handlers.university.ModifyUniversity - University was successfully modified
2014-03-21 08:40:11,361 INFO handlers.university.ModifyUniversity - Send redirect to university/showOne page
</system-out>
  </testcase>
  <testcase time="0.04" classname="action.handlers.university.ModifyUniversityTest" name="actionExceptionTest"/>
</testsuite>