<?xml version="1.0" encoding="UTF-8" ?>
<testsuite failures="0" time="0.142" errors="1" skipped="1" tests="4" name="action.handlers.university.ShowOneUniversityTest">
  <properties>
    <property name="java.runtime.name" value="Java(TM) SE Runtime Environment"/>
    <property name="sun.boot.library.path" value="C:\Program Files\Java\jdk1.7.0_51\jre\bin"/>
    <property name="java.vm.version" value="24.51-b03"/>
    <property name="java.vm.vendor" value="Oracle Corporation"/>
    <property name="java.vendor.url" value="http://java.oracle.com/"/>
    <property name="path.separator" value=";"/>
    <property name="guice.disable.misplaced.annotation.check" value="true"/>
    <property name="java.vm.name" value="Java HotSpot(TM) 64-Bit Server VM"/>
    <property name="file.encoding.pkg" value="sun.io"/>
    <property name="user.script" value=""/>
    <property name="user.country" value="US"/>
    <property name="sun.java.launcher" value="SUN_STANDARD"/>
    <property name="sun.os.patch.level" value=""/>
    <property name="java.vm.specification.name" value="Java Virtual Machine Specification"/>
    <property name="user.dir" value="D:\etc\JAVA Cource\Lab\4th\nc.edu.group8.lb4\nc.edu.group8.lb4\project"/>
    <property name="java.runtime.version" value="1.7.0_51-b13"/>
    <property name="java.awt.graphicsenv" value="sun.awt.Win32GraphicsEnvironment"/>
    <property name="java.endorsed.dirs" value="C:\Program Files\Java\jdk1.7.0_51\jre\lib\endorsed"/>
    <property name="os.arch" value="amd64"/>
    <property name="java.io.tmpdir" value="C:\Users\ROMENS~1\AppData\Local\Temp\"/>
    <property name="line.separator" value="
"/>
    <property name="java.vm.specification.vendor" value="Oracle Corporation"/>
    <property name="user.variant" value=""/>
    <property name="os.name" value="Windows 7"/>
    <property name="classworlds.conf" value="D:\Software\Java\Maven\apache-maven-3.2.1-bin\apache-maven-3.2.1\bin\m2.conf"/>
    <property name="sun.jnu.encoding" value="Cp1251"/>
    <property name="java.library.path" value="C:\Program Files\Java\jdk1.7.0_51\bin;C:\Windows\Sun\Java\bin;C:\Windows\system32;C:\Windows;C:\Program Files\Java\jdk1.7.0_51\bin;C:\Windows\system32;C:\Windows;C:\Windows\System32\Wbem;C:\Windows\System32\WindowsPowerShell\v1.0\;C:\Program Files\Intel\DMIX;C:\Program Files\TortoiseGit\bin;C:\Program Files\TortoiseSVN\bin;C:\app\Administrator\product\11.2.0\client_1\bin;C:\Program Files (x86)\Heroku\bin;C:\Program Files (x86)\git\cmd;D:\Software\Java\Database\server\PostgreSQL\setup\bin;D:\Software\Java\Maven\apache-maven-3.2.1-bin\apache-maven-3.2.1\bin;C:\Program Files\Java\jdk1.7.0_51\bin;C:\sqlite;C:\Program Files (x86)\Git\bin\;."/>
    <property name="java.specification.name" value="Java Platform API Specification"/>
    <property name="java.class.version" value="51.0"/>
    <property name="sun.management.compiler" value="HotSpot 64-Bit Tiered Compilers"/>
    <property name="os.version" value="6.1"/>
    <property name="user.home" value="C:\Users\romenskiy"/>
    <property name="user.timezone" value="Europe/Helsinki"/>
    <property name="java.awt.printerjob" value="sun.awt.windows.WPrinterJob"/>
    <property name="java.specification.version" value="1.7"/>
    <property name="file.encoding" value="Cp1251"/>
    <property name="user.name" value="romenskiy"/>
    <property name="java.class.path" value="D:\Software\Java\Maven\apache-maven-3.2.1-bin\apache-maven-3.2.1\boot\plexus-classworlds-2.5.1.jar"/>
    <property name="org.slf4j.simpleLogger.defaultLogLevel" value="info"/>
    <property name="java.vm.specification.version" value="1.7"/>
    <property name="sun.arch.data.model" value="64"/>
    <property name="java.home" value="C:\Program Files\Java\jdk1.7.0_51\jre"/>
    <property name="sun.java.command" value="org.codehaus.plexus.classworlds.launcher.Launcher package"/>
    <property name="java.specification.vendor" value="Oracle Corporation"/>
    <property name="user.language" value="en"/>
    <property name="awt.toolkit" value="sun.awt.windows.WToolkit"/>
    <property name="java.vm.info" value="mixed mode"/>
    <property name="java.version" value="1.7.0_51"/>
    <property name="java.ext.dirs" value="C:\Program Files\Java\jdk1.7.0_51\jre\lib\ext;C:\Windows\Sun\Java\lib\ext"/>
    <property name="sun.boot.class.path" value="C:\Program Files\Java\jdk1.7.0_51\jre\lib\resources.jar;C:\Program Files\Java\jdk1.7.0_51\jre\lib\rt.jar;C:\Program Files\Java\jdk1.7.0_51\jre\lib\sunrsasign.jar;C:\Program Files\Java\jdk1.7.0_51\jre\lib\jsse.jar;C:\Program Files\Java\jdk1.7.0_51\jre\lib\jce.jar;C:\Program Files\Java\jdk1.7.0_51\jre\lib\charsets.jar;C:\Program Files\Java\jdk1.7.0_51\jre\lib\jfr.jar;C:\Program Files\Java\jdk1.7.0_51\jre\classes"/>
    <property name="java.vendor" value="Oracle Corporation"/>
    <property name="maven.home" value="D:\Software\Java\Maven\apache-maven-3.2.1-bin\apache-maven-3.2.1"/>
    <property name="file.separator" value="\"/>
    <property name="java.vendor.url.bug" value="http://bugreport.sun.com/bugreport/"/>
    <property name="sun.cpu.endian" value="little"/>
    <property name="sun.io.unicode.encoding" value="UnicodeLittle"/>
    <property name="sun.desktop" value="windows"/>
    <property name="sun.cpu.isalist" value="amd64"/>
  </properties>
  <testcase time="0.029" classname="action.handlers.university.ShowOneUniversityTest" name="actionExceptionTest"/>
  <testcase time="0.007" classname="action.handlers.university.ShowOneUniversityTest" name="nullTest"/>
  <testcase time="0.052" classname="action.handlers.university.ShowOneUniversityTest" name="forwardTest">
    <error message="Absent Code attribute in method that is not native or abstract in class file javax/transaction/SystemException" type="java.lang.ClassFormatError">java.lang.ClassFormatError: Absent Code attribute in method that is not native or abstract in class file javax/transaction/SystemException
	at java.lang.ClassLoader.defineClass1(Native Method)
	at java.lang.ClassLoader.defineClass(ClassLoader.java:800)
	at java.security.SecureClassLoader.defineClass(SecureClassLoader.java:142)
	at java.net.URLClassLoader.defineClass(URLClassLoader.java:449)
	at java.net.URLClassLoader.access$100(URLClassLoader.java:71)
	at java.net.URLClassLoader$1.run(URLClassLoader.java:361)
	at java.net.URLClassLoader$1.run(URLClassLoader.java:355)
	at java.security.AccessController.doPrivileged(Native Method)
	at java.net.URLClassLoader.findClass(URLClassLoader.java:354)
	at java.lang.ClassLoader.loadClass(ClassLoader.java:425)
	at sun.misc.Launcher$AppClassLoader.loadClass(Launcher.java:308)
	at java.lang.ClassLoader.loadClass(ClassLoader.java:358)
	at java.lang.Class.forName0(Native Method)
	at java.lang.Class.forName(Class.java:270)
	at org.jboss.logging.Logger.getMessageLogger(Logger.java:2248)
	at org.jboss.logging.Logger.getMessageLogger(Logger.java:2214)
	at org.hibernate.cfg.Configuration.&lt;clinit&gt;(Configuration.java:184)
	at hibernate.util.HibernateUtil.newSessionFactory(HibernateUtil.java:32)
	at hibernate.util.HibernateUtil.getSessionFactory(HibernateUtil.java:22)
	at hibernate.dao.OracleGateway.setSession(OracleGateway.java:97)
	at hibernate.dao.OracleGateway.get(OracleGateway.java:48)
	at action.handlers.university.ShowOneUniversity.perform(ShowOneUniversity.java:39)
	at util.Utils.perform(Utils.java:11)
	at action.handlers.university.ShowOneUniversityTest.forwardTest(ShowOneUniversityTest.java:98)
	at sun.reflect.NativeMethodAccessorImpl.invoke0(Native Method)
	at sun.reflect.NativeMethodAccessorImpl.invoke(NativeMethodAccessorImpl.java:57)
	at sun.reflect.DelegatingMethodAccessorImpl.invoke(DelegatingMethodAccessorImpl.java:43)
	at java.lang.reflect.Method.invoke(Method.java:606)
	at org.junit.internal.runners.TestMethodRunner.executeMethodBody(TestMethodRunner.java:99)
	at org.junit.internal.runners.TestMethodRunner.runUnprotected(TestMethodRunner.java:81)
	at org.junit.internal.runners.BeforeAndAfterRunner.runProtected(BeforeAndAfterRunner.java:34)
	at org.junit.internal.runners.TestMethodRunner.runMethod(TestMethodRunner.java:75)
	at org.junit.internal.runners.TestMethodRunner.run(TestMethodRunner.java:45)
	at org.junit.internal.runners.TestClassMethodsRunner.invokeTestMethod(TestClassMethodsRunner.java:71)
	at org.junit.internal.runners.TestClassMethodsRunner.run(TestClassMethodsRunner.java:35)
	at org.junit.internal.runners.TestClassRunner$1.runUnprotected(TestClassRunner.java:42)
	at org.junit.internal.runners.BeforeAndAfterRunner.runProtected(BeforeAndAfterRunner.java:34)
	at org.junit.internal.runners.TestClassRunner.run(TestClassRunner.java:52)
	at org.apache.maven.surefire.junit4.JUnit4Provider.execute(JUnit4Provider.java:252)
	at org.apache.maven.surefire.junit4.JUnit4Provider.executeTestSet(JUnit4Provider.java:141)
	at org.apache.maven.surefire.junit4.JUnit4Provider.invoke(JUnit4Provider.java:112)
	at sun.reflect.NativeMethodAccessorImpl.invoke0(Native Method)
	at sun.reflect.NativeMethodAccessorImpl.invoke(NativeMethodAccessorImpl.java:57)
	at sun.reflect.DelegatingMethodAccessorImpl.invoke(DelegatingMethodAccessorImpl.java:43)
	at java.lang.reflect.Method.invoke(Method.java:606)
	at org.apache.maven.surefire.util.ReflectionUtils.invokeMethodWithArray(ReflectionUtils.java:189)
	at org.apache.maven.surefire.booter.ProviderFactory$ProviderProxy.invoke(ProviderFactory.java:165)
	at org.apache.maven.surefire.booter.ProviderFactory.invokeProvider(ProviderFactory.java:85)
	at org.apache.maven.surefire.booter.ForkedBooter.runSuitesInProcess(ForkedBooter.java:115)
	at org.apache.maven.surefire.booter.ForkedBooter.main(ForkedBooter.java:75)
</error>
    <system-out>2014-03-28 13:42:23,833 INFO main                action.ActionFactory - Getting ActionFactory
2014-03-28 13:42:23,834 INFO main                action.ActionFactory - Building HttpAction
2014-03-28 13:42:23,834 INFO main                mlApplicationContext - Refreshing org.springframework.context.support.ClassPathXmlApplicationContext@a427a0b: display name [org.springframework.context.support.ClassPathXmlApplicationContext@a427a0b]; startup date [Fri Mar 28 13:42:23 EET 2014]; root of context hierarchy
2014-03-28 13:42:23,837 INFO main                BeanDefinitionReader - Loading XML bean definitions from class path resource [beans.xml]
2014-03-28 13:42:23,853 INFO main                mlApplicationContext - Bean factory for application context [org.springframework.context.support.ClassPathXmlApplicationContext@a427a0b]: org.springframework.beans.factory.support.DefaultListableBeanFactory@357506de
2014-03-28 13:42:23,854 INFO main                tListableBeanFactory - Pre-instantiating singletons in org.springframework.beans.factory.support.DefaultListableBeanFactory@357506de: defining beans [oracleGateway,addCountry,modifyCountry,removeCountry,showAllCountry,addRegion,modifyRegion,removeRegion,showAllRegionInCountry,addCity,modifyCity,removeCity,showAllCityInRegion,addUniversity,modifyUniversity,removeUniversity,showOneUniversity,showAllUniversityInCity]; root of factory hierarchy
2014-03-28 13:42:23,855 INFO main                ersity.AddUniversity - Prepare to add university
2014-03-28 13:42:23,856 INFO main                ersity.AddUniversity - University properties: 
2014-03-28 13:42:23,856 INFO main                ersity.AddUniversity - Name: skeleton 
2014-03-28 13:42:23,856 INFO main                ersity.AddUniversity - DepartamentsCount: 1000 
2014-03-28 13:42:23,856 INFO main                ersity.AddUniversity - WWW: zzz 
2014-03-28 13:42:23,856 INFO main                ersity.AddUniversity - ParentID: 14 
2014-03-28 13:42:23,856 INFO main                tion.GatewayResolver - Getting gateway
14
2014-03-28 13:42:23,856 INFO main                ersity.AddUniversity - University was successfully added
2014-03-28 13:42:23,856 INFO main                ersity.AddUniversity - Send redirect to showAllUniversity page
2014-03-28 13:42:23,856 INFO main                action.ActionFactory - Getting ActionFactory
2014-03-28 13:42:23,856 INFO main                action.ActionFactory - Building HttpAction
2014-03-28 13:42:23,857 INFO main                mlApplicationContext - Refreshing org.springframework.context.support.ClassPathXmlApplicationContext@7b55dc1e: display name [org.springframework.context.support.ClassPathXmlApplicationContext@7b55dc1e]; startup date [Fri Mar 28 13:42:23 EET 2014]; root of context hierarchy
2014-03-28 13:42:23,857 INFO main                BeanDefinitionReader - Loading XML bean definitions from class path resource [beans.xml]
2014-03-28 13:42:23,872 INFO main                mlApplicationContext - Bean factory for application context [org.springframework.context.support.ClassPathXmlApplicationContext@7b55dc1e]: org.springframework.beans.factory.support.DefaultListableBeanFactory@45d144f2
2014-03-28 13:42:23,873 INFO main                tListableBeanFactory - Pre-instantiating singletons in org.springframework.beans.factory.support.DefaultListableBeanFactory@45d144f2: defining beans [oracleGateway,addCountry,modifyCountry,removeCountry,showAllCountry,addRegion,modifyRegion,removeRegion,showAllRegionInCountry,addCity,modifyCity,removeCity,showAllCityInRegion,addUniversity,modifyUniversity,removeUniversity,showOneUniversity,showAllUniversityInCity]; root of factory hierarchy
2014-03-28 13:42:23,875 INFO main                ty.ShowOneUniversity - Prepare to show university
2014-03-28 13:42:23,875 INFO main                tion.GatewayResolver - Getting gateway
2014-03-28 13:42:23,875 INFO main                ty.ShowOneUniversity - University properties: 
2014-03-28 13:42:23,875 INFO main                ty.ShowOneUniversity - Name: skeleton 
2014-03-28 13:42:23,875 INFO main                ty.ShowOneUniversity - DepartamentsCount: 1000 
2014-03-28 13:42:23,875 INFO main                ty.ShowOneUniversity - WWW: zzz 
2014-03-28 13:42:23,875 INFO main                ty.ShowOneUniversity - ParentID: 14 
2014-03-28 13:42:23,875 INFO main                tion.GatewayResolver - Getting gateway
2014-03-28 13:42:23,876 INFO main                mlApplicationContext - Refreshing org.springframework.context.support.ClassPathXmlApplicationContext@6f1bbe75: display name [org.springframework.context.support.ClassPathXmlApplicationContext@6f1bbe75]; startup date [Fri Mar 28 13:42:23 EET 2014]; root of context hierarchy
2014-03-28 13:42:23,876 INFO main                BeanDefinitionReader - Loading XML bean definitions from class path resource [beans.xml]
2014-03-28 13:42:23,891 INFO main                mlApplicationContext - Bean factory for application context [org.springframework.context.support.ClassPathXmlApplicationContext@6f1bbe75]: org.springframework.beans.factory.support.DefaultListableBeanFactory@356525f7
2014-03-28 13:42:23,892 INFO main                tListableBeanFactory - Pre-instantiating singletons in org.springframework.beans.factory.support.DefaultListableBeanFactory@356525f7: defining beans [oracleGateway,addCountry,modifyCountry,removeCountry,showAllCountry,addRegion,modifyRegion,removeRegion,showAllRegionInCountry,addCity,modifyCity,removeCity,showAllCityInRegion,addUniversity,modifyUniversity,removeUniversity,showOneUniversity,showAllUniversityInCity]; root of factory hierarchy
2014-03-28 13:42:23,895 INFO main                te.dao.OracleGateway - Setting session
2014-03-28 13:42:23,897 INFO main                e.util.HibernateUtil - Getting SessionFactory
2014-03-28 13:42:23,897 INFO main                e.util.HibernateUtil - Initializing SessionFactory
2014-03-28 13:42:23,950 INFO main                te.dao.OracleGateway - Closing session
</system-out>
  </testcase>
  <testcase time="0.054" classname="action.handlers.university.ShowOneUniversityTest" name="logicTest">
    <skipped/>
  </testcase>
</testsuite>