<?xml version="1.0" encoding="UTF-8" ?>
<testsuite failures="1" time="0.166" errors="0" skipped="0" tests="4" name="action.handlers.country.ModifyCountryTest">
  <properties>
    <property name="java.runtime.name" value="Java(TM) SE Runtime Environment"/>
    <property name="sun.boot.library.path" value="C:\Program Files\Java\jdk1.7.0_51\jre\bin"/>
    <property name="java.vm.version" value="24.51-b03"/>
    <property name="java.vm.vendor" value="Oracle Corporation"/>
    <property name="java.vendor.url" value="http://java.oracle.com/"/>
    <property name="path.separator" value=";"/>
    <property name="guice.disable.misplaced.annotation.check" value="true"/>
    <property name="java.vm.name" value="Java HotSpot(TM) 64-Bit Server VM"/>
    <property name="file.encoding.pkg" value="sun.io"/>
    <property name="user.script" value=""/>
    <property name="user.country" value="US"/>
    <property name="sun.java.launcher" value="SUN_STANDARD"/>
    <property name="sun.os.patch.level" value=""/>
    <property name="java.vm.specification.name" value="Java Virtual Machine Specification"/>
    <property name="user.dir" value="D:\etc\JAVA Cource\Lab\4th\nc.edu.group8.lb4\nc.edu.group8.lb4\project"/>
    <property name="java.runtime.version" value="1.7.0_51-b13"/>
    <property name="java.awt.graphicsenv" value="sun.awt.Win32GraphicsEnvironment"/>
    <property name="java.endorsed.dirs" value="C:\Program Files\Java\jdk1.7.0_51\jre\lib\endorsed"/>
    <property name="os.arch" value="amd64"/>
    <property name="java.io.tmpdir" value="C:\Users\ROMENS~1\AppData\Local\Temp\"/>
    <property name="line.separator" value="
"/>
    <property name="java.vm.specification.vendor" value="Oracle Corporation"/>
    <property name="user.variant" value=""/>
    <property name="os.name" value="Windows 7"/>
    <property name="classworlds.conf" value="D:\Software\Java\Maven\apache-maven-3.2.1-bin\apache-maven-3.2.1\bin\m2.conf"/>
    <property name="sun.jnu.encoding" value="Cp1251"/>
    <property name="java.library.path" value="C:\Program Files\Java\jdk1.7.0_51\bin;C:\Windows\Sun\Java\bin;C:\Windows\system32;C:\Windows;C:\Program Files\Java\jdk1.7.0_51\bin;C:\Windows\system32;C:\Windows;C:\Windows\System32\Wbem;C:\Windows\System32\WindowsPowerShell\v1.0\;C:\Program Files\Intel\DMIX;C:\Program Files\TortoiseGit\bin;C:\Program Files\TortoiseSVN\bin;C:\app\Administrator\product\11.2.0\client_1\bin;C:\Program Files (x86)\Heroku\bin;C:\Program Files (x86)\git\cmd;D:\Software\Java\Database\server\PostgreSQL\setup\bin;D:\Software\Java\Maven\apache-maven-3.2.1-bin\apache-maven-3.2.1\bin;C:\Program Files\Java\jdk1.7.0_51\bin;C:\sqlite;C:\Program Files (x86)\Git\bin\;."/>
    <property name="java.specification.name" value="Java Platform API Specification"/>
    <property name="java.class.version" value="51.0"/>
    <property name="sun.management.compiler" value="HotSpot 64-Bit Tiered Compilers"/>
    <property name="os.version" value="6.1"/>
    <property name="user.home" value="C:\Users\romenskiy"/>
    <property name="user.timezone" value="Europe/Helsinki"/>
    <property name="java.awt.printerjob" value="sun.awt.windows.WPrinterJob"/>
    <property name="java.specification.version" value="1.7"/>
    <property name="file.encoding" value="Cp1251"/>
    <property name="user.name" value="romenskiy"/>
    <property name="java.class.path" value="D:\Software\Java\Maven\apache-maven-3.2.1-bin\apache-maven-3.2.1\boot\plexus-classworlds-2.5.1.jar"/>
    <property name="org.slf4j.simpleLogger.defaultLogLevel" value="info"/>
    <property name="java.vm.specification.version" value="1.7"/>
    <property name="sun.arch.data.model" value="64"/>
    <property name="java.home" value="C:\Program Files\Java\jdk1.7.0_51\jre"/>
    <property name="sun.java.command" value="org.codehaus.plexus.classworlds.launcher.Launcher package"/>
    <property name="java.specification.vendor" value="Oracle Corporation"/>
    <property name="user.language" value="en"/>
    <property name="awt.toolkit" value="sun.awt.windows.WToolkit"/>
    <property name="java.vm.info" value="mixed mode"/>
    <property name="java.version" value="1.7.0_51"/>
    <property name="java.ext.dirs" value="C:\Program Files\Java\jdk1.7.0_51\jre\lib\ext;C:\Windows\Sun\Java\lib\ext"/>
    <property name="sun.boot.class.path" value="C:\Program Files\Java\jdk1.7.0_51\jre\lib\resources.jar;C:\Program Files\Java\jdk1.7.0_51\jre\lib\rt.jar;C:\Program Files\Java\jdk1.7.0_51\jre\lib\sunrsasign.jar;C:\Program Files\Java\jdk1.7.0_51\jre\lib\jsse.jar;C:\Program Files\Java\jdk1.7.0_51\jre\lib\jce.jar;C:\Program Files\Java\jdk1.7.0_51\jre\lib\charsets.jar;C:\Program Files\Java\jdk1.7.0_51\jre\lib\jfr.jar;C:\Program Files\Java\jdk1.7.0_51\jre\classes"/>
    <property name="java.vendor" value="Oracle Corporation"/>
    <property name="maven.home" value="D:\Software\Java\Maven\apache-maven-3.2.1-bin\apache-maven-3.2.1"/>
    <property name="file.separator" value="\"/>
    <property name="java.vendor.url.bug" value="http://bugreport.sun.com/bugreport/"/>
    <property name="sun.cpu.endian" value="little"/>
    <property name="sun.io.unicode.encoding" value="UnicodeLittle"/>
    <property name="sun.desktop" value="windows"/>
    <property name="sun.cpu.isalist" value="amd64"/>
  </properties>
  <testcase time="0.038" classname="action.handlers.country.ModifyCountryTest" name="actionExceptionTest"/>
  <testcase time="0.027" classname="action.handlers.country.ModifyCountryTest" name="nullTest"/>
  <testcase time="0.026" classname="action.handlers.country.ModifyCountryTest" name="forwardTest"/>
  <testcase time="0.075" classname="action.handlers.country.ModifyCountryTest" name="logicTest">
    <failure message="expected:&lt;3&gt; but was:&lt;4&gt;" type="java.lang.AssertionError">java.lang.AssertionError: expected:&lt;3&gt; but was:&lt;4&gt;
	at org.junit.Assert.fail(Assert.java:58)
	at org.junit.Assert.failNotEquals(Assert.java:259)
	at org.junit.Assert.assertEquals(Assert.java:80)
	at org.junit.Assert.assertEquals(Assert.java:88)
	at action.handlers.country.ModifyCountryTest.logicTest(ModifyCountryTest.java:77)
	at sun.reflect.NativeMethodAccessorImpl.invoke0(Native Method)
	at sun.reflect.NativeMethodAccessorImpl.invoke(NativeMethodAccessorImpl.java:57)
	at sun.reflect.DelegatingMethodAccessorImpl.invoke(DelegatingMethodAccessorImpl.java:43)
	at java.lang.reflect.Method.invoke(Method.java:606)
	at org.junit.internal.runners.TestMethodRunner.executeMethodBody(TestMethodRunner.java:99)
	at org.junit.internal.runners.TestMethodRunner.runUnprotected(TestMethodRunner.java:81)
	at org.junit.internal.runners.BeforeAndAfterRunner.runProtected(BeforeAndAfterRunner.java:34)
	at org.junit.internal.runners.TestMethodRunner.runMethod(TestMethodRunner.java:75)
	at org.junit.internal.runners.TestMethodRunner.run(TestMethodRunner.java:45)
	at org.junit.internal.runners.TestClassMethodsRunner.invokeTestMethod(TestClassMethodsRunner.java:71)
	at org.junit.internal.runners.TestClassMethodsRunner.run(TestClassMethodsRunner.java:35)
	at org.junit.internal.runners.TestClassRunner$1.runUnprotected(TestClassRunner.java:42)
	at org.junit.internal.runners.BeforeAndAfterRunner.runProtected(BeforeAndAfterRunner.java:34)
	at org.junit.internal.runners.TestClassRunner.run(TestClassRunner.java:52)
	at org.apache.maven.surefire.junit4.JUnit4Provider.execute(JUnit4Provider.java:252)
	at org.apache.maven.surefire.junit4.JUnit4Provider.executeTestSet(JUnit4Provider.java:141)
	at org.apache.maven.surefire.junit4.JUnit4Provider.invoke(JUnit4Provider.java:112)
	at sun.reflect.NativeMethodAccessorImpl.invoke0(Native Method)
	at sun.reflect.NativeMethodAccessorImpl.invoke(NativeMethodAccessorImpl.java:57)
	at sun.reflect.DelegatingMethodAccessorImpl.invoke(DelegatingMethodAccessorImpl.java:43)
	at java.lang.reflect.Method.invoke(Method.java:606)
	at org.apache.maven.surefire.util.ReflectionUtils.invokeMethodWithArray(ReflectionUtils.java:189)
	at org.apache.maven.surefire.booter.ProviderFactory$ProviderProxy.invoke(ProviderFactory.java:165)
	at org.apache.maven.surefire.booter.ProviderFactory.invokeProvider(ProviderFactory.java:85)
	at org.apache.maven.surefire.booter.ForkedBooter.runSuitesInProcess(ForkedBooter.java:115)
	at org.apache.maven.surefire.booter.ForkedBooter.main(ForkedBooter.java:75)
</failure>
    <system-out>2014-03-28 13:42:22,517 INFO main                action.ActionFactory - Getting ActionFactory
2014-03-28 13:42:22,517 INFO main                action.ActionFactory - Building HttpAction
2014-03-28 13:42:22,517 INFO main                mlApplicationContext - Refreshing org.springframework.context.support.ClassPathXmlApplicationContext@434a40bd: display name [org.springframework.context.support.ClassPathXmlApplicationContext@434a40bd]; startup date [Fri Mar 28 13:42:22 EET 2014]; root of context hierarchy
2014-03-28 13:42:22,518 INFO main                BeanDefinitionReader - Loading XML bean definitions from class path resource [beans.xml]
2014-03-28 13:42:22,532 INFO main                mlApplicationContext - Bean factory for application context [org.springframework.context.support.ClassPathXmlApplicationContext@434a40bd]: org.springframework.beans.factory.support.DefaultListableBeanFactory@3bc1cac
2014-03-28 13:42:22,536 INFO main                tListableBeanFactory - Pre-instantiating singletons in org.springframework.beans.factory.support.DefaultListableBeanFactory@3bc1cac: defining beans [oracleGateway,addCountry,modifyCountry,removeCountry,showAllCountry,addRegion,modifyRegion,removeRegion,showAllRegionInCountry,addCity,modifyCity,removeCity,showAllCityInRegion,addUniversity,modifyUniversity,removeUniversity,showOneUniversity,showAllUniversityInCity]; root of factory hierarchy
2014-03-28 13:42:22,538 INFO main                s.country.AddCountry - Prepare to add country
2014-03-28 13:42:22,538 INFO main                s.country.AddCountry - Country properties: 
2014-03-28 13:42:22,538 INFO main                s.country.AddCountry - Name: skeleton 
2014-03-28 13:42:22,538 INFO main                s.country.AddCountry - Language: zzz 
2014-03-28 13:42:22,538 INFO main                s.country.AddCountry - Capital: ZZZ 
2014-03-28 13:42:22,538 INFO main                s.country.AddCountry - Population: 100 
2014-03-28 13:42:22,538 INFO main                s.country.AddCountry - Timezone: 1 
2014-03-28 13:42:22,539 INFO main                tion.GatewayResolver - Getting gateway
5
2014-03-28 13:42:22,539 INFO main                s.country.AddCountry - Country was successfully added
2014-03-28 13:42:22,539 INFO main                s.country.AddCountry - Send forward to showAllCountry page
2014-03-28 13:42:22,539 INFO main                action.ActionFactory - Getting ActionFactory
2014-03-28 13:42:22,539 INFO main                action.ActionFactory - Building HttpAction
2014-03-28 13:42:22,539 INFO main                mlApplicationContext - Refreshing org.springframework.context.support.ClassPathXmlApplicationContext@5adbb9b9: display name [org.springframework.context.support.ClassPathXmlApplicationContext@5adbb9b9]; startup date [Fri Mar 28 13:42:22 EET 2014]; root of context hierarchy
2014-03-28 13:42:22,539 INFO main                BeanDefinitionReader - Loading XML bean definitions from class path resource [beans.xml]
2014-03-28 13:42:22,553 INFO main                mlApplicationContext - Bean factory for application context [org.springframework.context.support.ClassPathXmlApplicationContext@5adbb9b9]: org.springframework.beans.factory.support.DefaultListableBeanFactory@ed99c9
2014-03-28 13:42:22,555 INFO main                tListableBeanFactory - Pre-instantiating singletons in org.springframework.beans.factory.support.DefaultListableBeanFactory@ed99c9: defining beans [oracleGateway,addCountry,modifyCountry,removeCountry,showAllCountry,addRegion,modifyRegion,removeRegion,showAllRegionInCountry,addCity,modifyCity,removeCity,showAllCityInRegion,addUniversity,modifyUniversity,removeUniversity,showOneUniversity,showAllUniversityInCity]; root of factory hierarchy
2014-03-28 13:42:22,557 INFO main                s.country.AddCountry - Prepare to add country
2014-03-28 13:42:22,557 INFO main                s.country.AddCountry - Country properties: 
2014-03-28 13:42:22,557 INFO main                s.country.AddCountry - Name: skeleton 
2014-03-28 13:42:22,557 INFO main                s.country.AddCountry - Language: zzz 
2014-03-28 13:42:22,557 INFO main                s.country.AddCountry - Capital: ZZZ 
2014-03-28 13:42:22,557 INFO main                s.country.AddCountry - Population: 100 
2014-03-28 13:42:22,557 INFO main                s.country.AddCountry - Timezone: 1 
2014-03-28 13:42:22,557 INFO main                tion.GatewayResolver - Getting gateway
6
2014-03-28 13:42:22,557 INFO main                s.country.AddCountry - Country was successfully added
2014-03-28 13:42:22,557 INFO main                s.country.AddCountry - Send forward to showAllCountry page
2014-03-28 13:42:22,557 INFO main                action.ActionFactory - Getting ActionFactory
2014-03-28 13:42:22,557 INFO main                action.ActionFactory - Building HttpAction
2014-03-28 13:42:22,557 INFO main                mlApplicationContext - Refreshing org.springframework.context.support.ClassPathXmlApplicationContext@52aa911c: display name [org.springframework.context.support.ClassPathXmlApplicationContext@52aa911c]; startup date [Fri Mar 28 13:42:22 EET 2014]; root of context hierarchy
2014-03-28 13:42:22,558 INFO main                BeanDefinitionReader - Loading XML bean definitions from class path resource [beans.xml]
2014-03-28 13:42:22,572 INFO main                mlApplicationContext - Bean factory for application context [org.springframework.context.support.ClassPathXmlApplicationContext@52aa911c]: org.springframework.beans.factory.support.DefaultListableBeanFactory@4758af63
2014-03-28 13:42:22,574 INFO main                tListableBeanFactory - Pre-instantiating singletons in org.springframework.beans.factory.support.DefaultListableBeanFactory@4758af63: defining beans [oracleGateway,addCountry,modifyCountry,removeCountry,showAllCountry,addRegion,modifyRegion,removeRegion,showAllRegionInCountry,addCity,modifyCity,removeCity,showAllCityInRegion,addUniversity,modifyUniversity,removeUniversity,showOneUniversity,showAllUniversityInCity]; root of factory hierarchy
2014-03-28 13:42:22,575 INFO main                s.country.AddCountry - Prepare to add country
2014-03-28 13:42:22,575 INFO main                s.country.AddCountry - Country properties: 
2014-03-28 13:42:22,575 INFO main                s.country.AddCountry - Name: skeleton 
2014-03-28 13:42:22,575 INFO main                s.country.AddCountry - Language: zzz 
2014-03-28 13:42:22,576 INFO main                s.country.AddCountry - Capital: ZZZ 
2014-03-28 13:42:22,576 INFO main                s.country.AddCountry - Population: 100 
2014-03-28 13:42:22,576 INFO main                s.country.AddCountry - Timezone: 1 
2014-03-28 13:42:22,576 INFO main                tion.GatewayResolver - Getting gateway
7
2014-03-28 13:42:22,576 INFO main                s.country.AddCountry - Country was successfully added
2014-03-28 13:42:22,576 INFO main                s.country.AddCountry - Send forward to showAllCountry page
2014-03-28 13:42:22,576 INFO main                action.ActionFactory - Getting ActionFactory
2014-03-28 13:42:22,576 INFO main                action.ActionFactory - Building HttpAction
2014-03-28 13:42:22,576 INFO main                mlApplicationContext - Refreshing org.springframework.context.support.ClassPathXmlApplicationContext@185e093f: display name [org.springframework.context.support.ClassPathXmlApplicationContext@185e093f]; startup date [Fri Mar 28 13:42:22 EET 2014]; root of context hierarchy
2014-03-28 13:42:22,577 INFO main                BeanDefinitionReader - Loading XML bean definitions from class path resource [beans.xml]
2014-03-28 13:42:22,587 INFO main                mlApplicationContext - Bean factory for application context [org.springframework.context.support.ClassPathXmlApplicationContext@185e093f]: org.springframework.beans.factory.support.DefaultListableBeanFactory@763613f6
2014-03-28 13:42:22,590 INFO main                tListableBeanFactory - Pre-instantiating singletons in org.springframework.beans.factory.support.DefaultListableBeanFactory@763613f6: defining beans [oracleGateway,addCountry,modifyCountry,removeCountry,showAllCountry,addRegion,modifyRegion,removeRegion,showAllRegionInCountry,addCity,modifyCity,removeCity,showAllCityInRegion,addUniversity,modifyUniversity,removeUniversity,showOneUniversity,showAllUniversityInCity]; root of factory hierarchy
2014-03-28 13:42:22,592 INFO main                ountry.ModifyCountry - Prepare to modify country
2014-03-28 13:42:22,592 INFO main                ountry.ModifyCountry - Get country id: 10 
2014-03-28 13:42:22,592 INFO main                ountry.ModifyCountry - New country properties: 
2014-03-28 13:42:22,592 INFO main                ountry.ModifyCountry - Name: skeleton 
2014-03-28 13:42:22,592 INFO main                ountry.ModifyCountry - Language: zzz 
2014-03-28 13:42:22,592 INFO main                ountry.ModifyCountry - Capital: ZZZ 
2014-03-28 13:42:22,592 INFO main                ountry.ModifyCountry - Population: 100 
2014-03-28 13:42:22,592 INFO main                ountry.ModifyCountry - Timezone: 1 
2014-03-28 13:42:22,592 INFO main                tion.GatewayResolver - Getting gateway
8
2014-03-28 13:42:22,592 INFO main                ountry.ModifyCountry - Country was successfully modified
2014-03-28 13:42:22,592 INFO main                ountry.ModifyCountry - Send redirect to region/showAllInCountry page
</system-out>
  </testcase>
</testsuite>